<?xml version="1.0" encoding="UTF-8"?>
<testng-results skipped="0" failed="0" ignored="0" total="8" passed="8">
  <reporter-output>
  </reporter-output>
  <suite name="Suite" duration-ms="173" started-at="2020-06-09T02:26:05 UTC" finished-at="2020-06-09T02:26:06 UTC">
    <groups>
    </groups>
    <test name="Smoke" duration-ms="87" started-at="2020-06-09T02:26:05 UTC" finished-at="2020-06-09T02:26:06 UTC">
      <class name="com.testannotations.TestAnnotations">
        <test-method status="PASS" signature="beforeTest()[pri:0, instance:com.testannotations.TestAnnotations@56235b8e]" name="beforeTest" is-config="true" duration-ms="15" started-at="2020-06-09T02:26:06 UTC" finished-at="2020-06-09T02:26:06 UTC">
          <reporter-output>
          </reporter-output>
        </test-method> <!-- beforeTest -->
        <test-method status="PASS" signature="beforeClass()[pri:0, instance:com.testannotations.TestAnnotations@56235b8e]" name="beforeClass" is-config="true" duration-ms="1" started-at="2020-06-09T02:26:06 UTC" finished-at="2020-06-09T02:26:06 UTC">
          <reporter-output>
          </reporter-output>
        </test-method> <!-- beforeClass -->
        <test-method status="PASS" signature="beforeMethod()[pri:0, instance:com.testannotations.TestAnnotations@56235b8e]" name="beforeMethod" is-config="true" duration-ms="1" started-at="2020-06-09T02:26:06 UTC" finished-at="2020-06-09T02:26:06 UTC">
          <reporter-output>
          </reporter-output>
        </test-method> <!-- beforeMethod -->
        <test-method status="PASS" signature="Test1()[pri:0, instance:com.testannotations.TestAnnotations@56235b8e]" name="Test1" duration-ms="8" started-at="2020-06-09T02:26:06 UTC" finished-at="2020-06-09T02:26:06 UTC">
          <reporter-output>
          </reporter-output>
        </test-method> <!-- Test1 -->
        <test-method status="PASS" signature="afterMethod()[pri:0, instance:com.testannotations.TestAnnotations@56235b8e]" name="afterMethod" is-config="true" duration-ms="1" started-at="2020-06-09T02:26:06 UTC" finished-at="2020-06-09T02:26:06 UTC">
          <reporter-output>
          </reporter-output>
        </test-method> <!-- afterMethod -->
        <test-method status="PASS" signature="beforeMethod()[pri:0, instance:com.testannotations.TestAnnotations@56235b8e]" name="beforeMethod" is-config="true" duration-ms="0" started-at="2020-06-09T02:26:06 UTC" finished-at="2020-06-09T02:26:06 UTC">
          <reporter-output>
          </reporter-output>
        </test-method> <!-- beforeMethod -->
        <test-method status="PASS" signature="Test2()[pri:0, instance:com.testannotations.TestAnnotations@56235b8e]" name="Test2" duration-ms="5" started-at="2020-06-09T02:26:06 UTC" finished-at="2020-06-09T02:26:06 UTC">
          <reporter-output>
          </reporter-output>
        </test-method> <!-- Test2 -->
        <test-method status="PASS" signature="afterMethod()[pri:0, instance:com.testannotations.TestAnnotations@56235b8e]" name="afterMethod" is-config="true" duration-ms="0" started-at="2020-06-09T02:26:06 UTC" finished-at="2020-06-09T02:26:06 UTC">
          <reporter-output>
          </reporter-output>
        </test-method> <!-- afterMethod -->
        <test-method status="PASS" signature="afterClass()[pri:0, instance:com.testannotations.TestAnnotations@56235b8e]" name="afterClass" is-config="true" duration-ms="1" started-at="2020-06-09T02:26:06 UTC" finished-at="2020-06-09T02:26:06 UTC">
          <reporter-output>
          </reporter-output>
        </test-method> <!-- afterClass -->
        <test-method status="PASS" signature="AfterTest()[pri:0, instance:com.testannotations.TestAnnotations@56235b8e]" name="AfterTest" is-config="true" duration-ms="1" started-at="2020-06-09T02:26:06 UTC" finished-at="2020-06-09T02:26:06 UTC">
          <reporter-output>
          </reporter-output>
        </test-method> <!-- AfterTest -->
      </class> <!-- com.testannotations.TestAnnotations -->
    </test> <!-- Smoke -->
    <test name="Regression" duration-ms="27" started-at="2020-06-09T02:26:06 UTC" finished-at="2020-06-09T02:26:06 UTC">
      <class name="com.annotations.TestAnnotations">
        <test-method status="PASS" signature="Login()[pri:0, instance:com.annotations.TestAnnotations@47ef968d]" name="Login" duration-ms="2" started-at="2020-06-09T02:26:06 UTC" finished-at="2020-06-09T02:26:06 UTC">
          <reporter-output>
          </reporter-output>
        </test-method> <!-- Login -->
        <test-method status="PASS" signature="AccountEnquiry()[pri:1, instance:com.annotations.TestAnnotations@47ef968d]" name="AccountEnquiry" duration-ms="2" started-at="2020-06-09T02:26:06 UTC" finished-at="2020-06-09T02:26:06 UTC">
          <reporter-output>
          </reporter-output>
        </test-method> <!-- AccountEnquiry -->
        <test-method status="PASS" signature="FundTransfer()[pri:2, instance:com.annotations.TestAnnotations@47ef968d]" name="FundTransfer" duration-ms="2" started-at="2020-06-09T02:26:06 UTC" finished-at="2020-06-09T02:26:06 UTC">
          <reporter-output>
          </reporter-output>
        </test-method> <!-- FundTransfer -->
      </class> <!-- com.annotations.TestAnnotations -->
      <class name="com.annotations.TestAnnotations2">
        <test-method status="PASS" signature="Login()[pri:0, instance:com.annotations.TestAnnotations2@23e028a9]" name="Login" duration-ms="2" started-at="2020-06-09T02:26:06 UTC" finished-at="2020-06-09T02:26:06 UTC">
          <reporter-output>
          </reporter-output>
        </test-method> <!-- Login -->
        <test-method status="PASS" signature="AccountEnquiry()[pri:0, instance:com.annotations.TestAnnotations2@23e028a9]" name="AccountEnquiry" duration-ms="1" started-at="2020-06-09T02:26:06 UTC" depends-on-methods="com.annotations.TestAnnotations2.Login" finished-at="2020-06-09T02:26:06 UTC">
          <reporter-output>
          </reporter-output>
        </test-method> <!-- AccountEnquiry -->
        <test-method status="PASS" signature="FundTransfer()[pri:0, instance:com.annotations.TestAnnotations2@23e028a9]" name="FundTransfer" duration-ms="2" started-at="2020-06-09T02:26:06 UTC" depends-on-methods="com.annotations.TestAnnotations2.Login" finished-at="2020-06-09T02:26:06 UTC">
          <reporter-output>
          </reporter-output>
        </test-method> <!-- FundTransfer -->
      </class> <!-- com.annotations.TestAnnotations2 -->
    </test> <!-- Regression -->
  </suite> <!-- Suite -->
</testng-results>
